DEBUG - 2025-12-04 02:26:08 --> Session: Class initialized using 'CodeIgniter\Session\Handlers\FileHandler' driver.
DEBUG - 2025-12-04 02:26:09 --> Session: Class initialized using 'CodeIgniter\Session\Handlers\FileHandler' driver.
DEBUG - 2025-12-04 02:26:21 --> Session: Class initialized using 'CodeIgniter\Session\Handlers\FileHandler' driver.
DEBUG - 2025-12-04 02:26:21 --> Session: Class initialized using 'CodeIgniter\Session\Handlers\FileHandler' driver.
DEBUG - 2025-12-04 02:26:35 --> Session: Class initialized using 'CodeIgniter\Session\Handlers\FileHandler' driver.
DEBUG - 2025-12-04 02:26:39 --> Session: Class initialized using 'CodeIgniter\Session\Handlers\FileHandler' driver.
DEBUG - 2025-12-04 02:26:53 --> Session: Class initialized using 'CodeIgniter\Session\Handlers\FileHandler' driver.
DEBUG - 2025-12-04 02:27:11 --> Session: Class initialized using 'CodeIgniter\Session\Handlers\FileHandler' driver.
DEBUG - 2025-12-04 02:27:13 --> Session: Class initialized using 'CodeIgniter\Session\Handlers\FileHandler' driver.
DEBUG - 2025-12-04 02:27:15 --> Session: Class initialized using 'CodeIgniter\Session\Handlers\FileHandler' driver.
DEBUG - 2025-12-04 02:27:18 --> Session: Class initialized using 'CodeIgniter\Session\Handlers\FileHandler' driver.
DEBUG - 2025-12-04 02:27:19 --> Session: Class initialized using 'CodeIgniter\Session\Handlers\FileHandler' driver.
DEBUG - 2025-12-04 02:27:31 --> Session: Class initialized using 'CodeIgniter\Session\Handlers\FileHandler' driver.
DEBUG - 2025-12-04 02:27:32 --> Session: Class initialized using 'CodeIgniter\Session\Handlers\FileHandler' driver.
DEBUG - 2025-12-04 02:27:46 --> Session: Class initialized using 'CodeIgniter\Session\Handlers\FileHandler' driver.
DEBUG - 2025-12-04 02:27:47 --> Session: Class initialized using 'CodeIgniter\Session\Handlers\FileHandler' driver.
DEBUG - 2025-12-04 02:27:51 --> Session: Class initialized using 'CodeIgniter\Session\Handlers\FileHandler' driver.
DEBUG - 2025-12-04 02:27:53 --> Session: Class initialized using 'CodeIgniter\Session\Handlers\FileHandler' driver.
DEBUG - 2025-12-04 02:27:54 --> Session: Class initialized using 'CodeIgniter\Session\Handlers\FileHandler' driver.
DEBUG - 2025-12-04 02:27:56 --> Session: Class initialized using 'CodeIgniter\Session\Handlers\FileHandler' driver.
DEBUG - 2025-12-04 02:27:57 --> Session: Class initialized using 'CodeIgniter\Session\Handlers\FileHandler' driver.
DEBUG - 2025-12-04 02:27:58 --> Session: Class initialized using 'CodeIgniter\Session\Handlers\FileHandler' driver.
DEBUG - 2025-12-04 02:27:59 --> Session: Class initialized using 'CodeIgniter\Session\Handlers\FileHandler' driver.
DEBUG - 2025-12-04 02:28:00 --> Session: Class initialized using 'CodeIgniter\Session\Handlers\FileHandler' driver.
DEBUG - 2025-12-04 02:37:52 --> Session: Class initialized using 'CodeIgniter\Session\Handlers\FileHandler' driver.
DEBUG - 2025-12-04 02:38:01 --> Session: Class initialized using 'CodeIgniter\Session\Handlers\FileHandler' driver.
DEBUG - 2025-12-04 02:38:02 --> Session: Class initialized using 'CodeIgniter\Session\Handlers\FileHandler' driver.
ERROR - 2025-12-04 02:38:02 --> mysqli_sql_exception: Unknown column 's.name' in 'field list' in C:\xampp\htdocs\Chakanoks\system\Database\MySQLi\Connection.php:327
Stack trace:
#0 C:\xampp\htdocs\Chakanoks\system\Database\MySQLi\Connection.php(327): mysqli->query('SELECT `po`.*, ...', 0)
#1 C:\xampp\htdocs\Chakanoks\system\Database\BaseConnection.php(729): CodeIgniter\Database\MySQLi\Connection->execute('SELECT `po`.*, ...')
#2 C:\xampp\htdocs\Chakanoks\system\Database\BaseConnection.php(646): CodeIgniter\Database\BaseConnection->simpleQuery('SELECT `po`.*, ...')
#3 C:\xampp\htdocs\Chakanoks\system\Database\BaseBuilder.php(1649): CodeIgniter\Database\BaseConnection->query('SELECT `po`.*, ...', Array, false)
#4 C:\xampp\htdocs\Chakanoks\app\Controllers\LogisticsDashboard.php(53): CodeIgniter\Database\BaseBuilder->get()
#5 C:\xampp\htdocs\Chakanoks\system\CodeIgniter.php(933): App\Controllers\LogisticsDashboard->index()
#6 C:\xampp\htdocs\Chakanoks\system\CodeIgniter.php(507): CodeIgniter\CodeIgniter->runController(Object(App\Controllers\LogisticsDashboard))
#7 C:\xampp\htdocs\Chakanoks\system\CodeIgniter.php(354): CodeIgniter\CodeIgniter->handleRequest(NULL, Object(Config\Cache), false)
#8 C:\xampp\htdocs\Chakanoks\system\Boot.php(363): CodeIgniter\CodeIgniter->run()
#9 C:\xampp\htdocs\Chakanoks\system\Boot.php(68): CodeIgniter\Boot::runCodeIgniter(Object(CodeIgniter\CodeIgniter))
#10 C:\xampp\htdocs\Chakanoks\index.php(59): CodeIgniter\Boot::bootWeb(Object(Config\Paths))
#11 {main}
ERROR - 2025-12-04 02:38:02 --> Logistics Dashboard Error: Unknown column 's.name' in 'field list'
DEBUG - 2025-12-04 02:38:02 --> Session: Class initialized using 'CodeIgniter\Session\Handlers\FileHandler' driver.
DEBUG - 2025-12-04 02:38:14 --> Session: Class initialized using 'CodeIgniter\Session\Handlers\FileHandler' driver.
DEBUG - 2025-12-04 02:38:15 --> Session: Class initialized using 'CodeIgniter\Session\Handlers\FileHandler' driver.
ERROR - 2025-12-04 02:38:15 --> mysqli_sql_exception: Unknown column 's.name' in 'field list' in C:\xampp\htdocs\Chakanoks\system\Database\MySQLi\Connection.php:327
Stack trace:
#0 C:\xampp\htdocs\Chakanoks\system\Database\MySQLi\Connection.php(327): mysqli->query('SELECT `po`.*, ...', 0)
#1 C:\xampp\htdocs\Chakanoks\system\Database\BaseConnection.php(729): CodeIgniter\Database\MySQLi\Connection->execute('SELECT `po`.*, ...')
#2 C:\xampp\htdocs\Chakanoks\system\Database\BaseConnection.php(646): CodeIgniter\Database\BaseConnection->simpleQuery('SELECT `po`.*, ...')
#3 C:\xampp\htdocs\Chakanoks\system\Database\BaseBuilder.php(1649): CodeIgniter\Database\BaseConnection->query('SELECT `po`.*, ...', Array, false)
#4 C:\xampp\htdocs\Chakanoks\app\Controllers\LogisticsDashboard.php(53): CodeIgniter\Database\BaseBuilder->get()
#5 C:\xampp\htdocs\Chakanoks\system\CodeIgniter.php(933): App\Controllers\LogisticsDashboard->index()
#6 C:\xampp\htdocs\Chakanoks\system\CodeIgniter.php(507): CodeIgniter\CodeIgniter->runController(Object(App\Controllers\LogisticsDashboard))
#7 C:\xampp\htdocs\Chakanoks\system\CodeIgniter.php(354): CodeIgniter\CodeIgniter->handleRequest(NULL, Object(Config\Cache), false)
#8 C:\xampp\htdocs\Chakanoks\system\Boot.php(363): CodeIgniter\CodeIgniter->run()
#9 C:\xampp\htdocs\Chakanoks\system\Boot.php(68): CodeIgniter\Boot::runCodeIgniter(Object(CodeIgniter\CodeIgniter))
#10 C:\xampp\htdocs\Chakanoks\index.php(59): CodeIgniter\Boot::bootWeb(Object(Config\Paths))
#11 {main}
ERROR - 2025-12-04 02:38:15 --> Logistics Dashboard Error: Unknown column 's.name' in 'field list'
DEBUG - 2025-12-04 02:38:15 --> Session: Class initialized using 'CodeIgniter\Session\Handlers\FileHandler' driver.
DEBUG - 2025-12-04 02:38:24 --> Session: Class initialized using 'CodeIgniter\Session\Handlers\FileHandler' driver.
DEBUG - 2025-12-04 02:38:25 --> Session: Class initialized using 'CodeIgniter\Session\Handlers\FileHandler' driver.
ERROR - 2025-12-04 02:38:25 --> mysqli_sql_exception: Unknown column 's.name' in 'field list' in C:\xampp\htdocs\Chakanoks\system\Database\MySQLi\Connection.php:327
Stack trace:
#0 C:\xampp\htdocs\Chakanoks\system\Database\MySQLi\Connection.php(327): mysqli->query('SELECT `po`.*, ...', 0)
#1 C:\xampp\htdocs\Chakanoks\system\Database\BaseConnection.php(729): CodeIgniter\Database\MySQLi\Connection->execute('SELECT `po`.*, ...')
#2 C:\xampp\htdocs\Chakanoks\system\Database\BaseConnection.php(646): CodeIgniter\Database\BaseConnection->simpleQuery('SELECT `po`.*, ...')
#3 C:\xampp\htdocs\Chakanoks\system\Database\BaseBuilder.php(1649): CodeIgniter\Database\BaseConnection->query('SELECT `po`.*, ...', Array, false)
#4 C:\xampp\htdocs\Chakanoks\app\Controllers\LogisticsDashboard.php(53): CodeIgniter\Database\BaseBuilder->get()
#5 C:\xampp\htdocs\Chakanoks\system\CodeIgniter.php(933): App\Controllers\LogisticsDashboard->index()
#6 C:\xampp\htdocs\Chakanoks\system\CodeIgniter.php(507): CodeIgniter\CodeIgniter->runController(Object(App\Controllers\LogisticsDashboard))
#7 C:\xampp\htdocs\Chakanoks\system\CodeIgniter.php(354): CodeIgniter\CodeIgniter->handleRequest(NULL, Object(Config\Cache), false)
#8 C:\xampp\htdocs\Chakanoks\system\Boot.php(363): CodeIgniter\CodeIgniter->run()
#9 C:\xampp\htdocs\Chakanoks\system\Boot.php(68): CodeIgniter\Boot::runCodeIgniter(Object(CodeIgniter\CodeIgniter))
#10 C:\xampp\htdocs\Chakanoks\index.php(59): CodeIgniter\Boot::bootWeb(Object(Config\Paths))
#11 {main}
ERROR - 2025-12-04 02:38:25 --> Logistics Dashboard Error: Unknown column 's.name' in 'field list'
DEBUG - 2025-12-04 02:38:25 --> Session: Class initialized using 'CodeIgniter\Session\Handlers\FileHandler' driver.
DEBUG - 2025-12-04 02:40:29 --> Session: Class initialized using 'CodeIgniter\Session\Handlers\FileHandler' driver.
DEBUG - 2025-12-04 02:40:29 --> Session: Class initialized using 'CodeIgniter\Session\Handlers\FileHandler' driver.
DEBUG - 2025-12-04 02:40:40 --> Session: Class initialized using 'CodeIgniter\Session\Handlers\FileHandler' driver.
DEBUG - 2025-12-04 02:40:43 --> Session: Class initialized using 'CodeIgniter\Session\Handlers\FileHandler' driver.
DEBUG - 2025-12-04 02:40:49 --> Session: Class initialized using 'CodeIgniter\Session\Handlers\FileHandler' driver.
DEBUG - 2025-12-04 02:40:52 --> Session: Class initialized using 'CodeIgniter\Session\Handlers\FileHandler' driver.
ERROR - 2025-12-04 02:40:52 --> mysqli_sql_exception: Unknown column 'b.contact_number' in 'field list' in C:\xampp\htdocs\Chakanoks\system\Database\MySQLi\Connection.php:327
Stack trace:
#0 C:\xampp\htdocs\Chakanoks\system\Database\MySQLi\Connection.php(327): mysqli->query('SELECT `b`.`bra...', 0)
#1 C:\xampp\htdocs\Chakanoks\system\Database\BaseConnection.php(729): CodeIgniter\Database\MySQLi\Connection->execute('SELECT `b`.`bra...')
#2 C:\xampp\htdocs\Chakanoks\system\Database\BaseConnection.php(646): CodeIgniter\Database\BaseConnection->simpleQuery('SELECT `b`.`bra...')
#3 C:\xampp\htdocs\Chakanoks\system\Database\BaseBuilder.php(1649): CodeIgniter\Database\BaseConnection->query('SELECT `b`.`bra...', Array, false)
#4 C:\xampp\htdocs\Chakanoks\app\Controllers\LogisticsDashboard.php(140): CodeIgniter\Database\BaseBuilder->get()
#5 C:\xampp\htdocs\Chakanoks\system\CodeIgniter.php(933): App\Controllers\LogisticsDashboard->routes()
#6 C:\xampp\htdocs\Chakanoks\system\CodeIgniter.php(507): CodeIgniter\CodeIgniter->runController(Object(App\Controllers\LogisticsDashboard))
#7 C:\xampp\htdocs\Chakanoks\system\CodeIgniter.php(354): CodeIgniter\CodeIgniter->handleRequest(NULL, Object(Config\Cache), false)
#8 C:\xampp\htdocs\Chakanoks\system\Boot.php(363): CodeIgniter\CodeIgniter->run()
#9 C:\xampp\htdocs\Chakanoks\system\Boot.php(68): CodeIgniter\Boot::runCodeIgniter(Object(CodeIgniter\CodeIgniter))
#10 C:\xampp\htdocs\Chakanoks\index.php(59): CodeIgniter\Boot::bootWeb(Object(Config\Paths))
#11 {main}
ERROR - 2025-12-04 02:40:52 --> Routes Error: Unknown column 'b.contact_number' in 'field list'
DEBUG - 2025-12-04 02:40:52 --> Session: Class initialized using 'CodeIgniter\Session\Handlers\FileHandler' driver.
DEBUG - 2025-12-04 02:40:54 --> Session: Class initialized using 'CodeIgniter\Session\Handlers\FileHandler' driver.
ERROR - 2025-12-04 02:40:54 --> mysqli_sql_exception: Unknown column 'b.contact_number' in 'field list' in C:\xampp\htdocs\Chakanoks\system\Database\MySQLi\Connection.php:327
Stack trace:
#0 C:\xampp\htdocs\Chakanoks\system\Database\MySQLi\Connection.php(327): mysqli->query('SELECT `b`.`bra...', 0)
#1 C:\xampp\htdocs\Chakanoks\system\Database\BaseConnection.php(729): CodeIgniter\Database\MySQLi\Connection->execute('SELECT `b`.`bra...')
#2 C:\xampp\htdocs\Chakanoks\system\Database\BaseConnection.php(646): CodeIgniter\Database\BaseConnection->simpleQuery('SELECT `b`.`bra...')
#3 C:\xampp\htdocs\Chakanoks\system\Database\BaseBuilder.php(1649): CodeIgniter\Database\BaseConnection->query('SELECT `b`.`bra...', Array, false)
#4 C:\xampp\htdocs\Chakanoks\app\Controllers\LogisticsDashboard.php(140): CodeIgniter\Database\BaseBuilder->get()
#5 C:\xampp\htdocs\Chakanoks\system\CodeIgniter.php(933): App\Controllers\LogisticsDashboard->routes()
#6 C:\xampp\htdocs\Chakanoks\system\CodeIgniter.php(507): CodeIgniter\CodeIgniter->runController(Object(App\Controllers\LogisticsDashboard))
#7 C:\xampp\htdocs\Chakanoks\system\CodeIgniter.php(354): CodeIgniter\CodeIgniter->handleRequest(NULL, Object(Config\Cache), false)
#8 C:\xampp\htdocs\Chakanoks\system\Boot.php(363): CodeIgniter\CodeIgniter->run()
#9 C:\xampp\htdocs\Chakanoks\system\Boot.php(68): CodeIgniter\Boot::runCodeIgniter(Object(CodeIgniter\CodeIgniter))
#10 C:\xampp\htdocs\Chakanoks\index.php(59): CodeIgniter\Boot::bootWeb(Object(Config\Paths))
#11 {main}
ERROR - 2025-12-04 02:40:55 --> Routes Error: Unknown column 'b.contact_number' in 'field list'
DEBUG - 2025-12-04 02:40:55 --> Session: Class initialized using 'CodeIgniter\Session\Handlers\FileHandler' driver.
DEBUG - 2025-12-04 02:40:57 --> Session: Class initialized using 'CodeIgniter\Session\Handlers\FileHandler' driver.
DEBUG - 2025-12-04 02:40:59 --> Session: Class initialized using 'CodeIgniter\Session\Handlers\FileHandler' driver.
ERROR - 2025-12-04 02:40:59 --> mysqli_sql_exception: Unknown column 'b.contact_number' in 'field list' in C:\xampp\htdocs\Chakanoks\system\Database\MySQLi\Connection.php:327
Stack trace:
#0 C:\xampp\htdocs\Chakanoks\system\Database\MySQLi\Connection.php(327): mysqli->query('SELECT `b`.`bra...', 0)
#1 C:\xampp\htdocs\Chakanoks\system\Database\BaseConnection.php(729): CodeIgniter\Database\MySQLi\Connection->execute('SELECT `b`.`bra...')
#2 C:\xampp\htdocs\Chakanoks\system\Database\BaseConnection.php(646): CodeIgniter\Database\BaseConnection->simpleQuery('SELECT `b`.`bra...')
#3 C:\xampp\htdocs\Chakanoks\system\Database\BaseBuilder.php(1649): CodeIgniter\Database\BaseConnection->query('SELECT `b`.`bra...', Array, false)
#4 C:\xampp\htdocs\Chakanoks\app\Controllers\LogisticsDashboard.php(140): CodeIgniter\Database\BaseBuilder->get()
#5 C:\xampp\htdocs\Chakanoks\system\CodeIgniter.php(933): App\Controllers\LogisticsDashboard->routes()
#6 C:\xampp\htdocs\Chakanoks\system\CodeIgniter.php(507): CodeIgniter\CodeIgniter->runController(Object(App\Controllers\LogisticsDashboard))
#7 C:\xampp\htdocs\Chakanoks\system\CodeIgniter.php(354): CodeIgniter\CodeIgniter->handleRequest(NULL, Object(Config\Cache), false)
#8 C:\xampp\htdocs\Chakanoks\system\Boot.php(363): CodeIgniter\CodeIgniter->run()
#9 C:\xampp\htdocs\Chakanoks\system\Boot.php(68): CodeIgniter\Boot::runCodeIgniter(Object(CodeIgniter\CodeIgniter))
#10 C:\xampp\htdocs\Chakanoks\index.php(59): CodeIgniter\Boot::bootWeb(Object(Config\Paths))
#11 {main}
ERROR - 2025-12-04 02:40:59 --> Routes Error: Unknown column 'b.contact_number' in 'field list'
DEBUG - 2025-12-04 02:40:59 --> Session: Class initialized using 'CodeIgniter\Session\Handlers\FileHandler' driver.
DEBUG - 2025-12-04 02:41:05 --> Session: Class initialized using 'CodeIgniter\Session\Handlers\FileHandler' driver.
ERROR - 2025-12-04 02:41:05 --> mysqli_sql_exception: Unknown column 'b.contact_number' in 'field list' in C:\xampp\htdocs\Chakanoks\system\Database\MySQLi\Connection.php:327
Stack trace:
#0 C:\xampp\htdocs\Chakanoks\system\Database\MySQLi\Connection.php(327): mysqli->query('SELECT `b`.`bra...', 0)
#1 C:\xampp\htdocs\Chakanoks\system\Database\BaseConnection.php(729): CodeIgniter\Database\MySQLi\Connection->execute('SELECT `b`.`bra...')
#2 C:\xampp\htdocs\Chakanoks\system\Database\BaseConnection.php(646): CodeIgniter\Database\BaseConnection->simpleQuery('SELECT `b`.`bra...')
#3 C:\xampp\htdocs\Chakanoks\system\Database\BaseBuilder.php(1649): CodeIgniter\Database\BaseConnection->query('SELECT `b`.`bra...', Array, false)
#4 C:\xampp\htdocs\Chakanoks\app\Controllers\LogisticsDashboard.php(140): CodeIgniter\Database\BaseBuilder->get()
#5 C:\xampp\htdocs\Chakanoks\system\CodeIgniter.php(933): App\Controllers\LogisticsDashboard->routes()
#6 C:\xampp\htdocs\Chakanoks\system\CodeIgniter.php(507): CodeIgniter\CodeIgniter->runController(Object(App\Controllers\LogisticsDashboard))
#7 C:\xampp\htdocs\Chakanoks\system\CodeIgniter.php(354): CodeIgniter\CodeIgniter->handleRequest(NULL, Object(Config\Cache), false)
#8 C:\xampp\htdocs\Chakanoks\system\Boot.php(363): CodeIgniter\CodeIgniter->run()
#9 C:\xampp\htdocs\Chakanoks\system\Boot.php(68): CodeIgniter\Boot::runCodeIgniter(Object(CodeIgniter\CodeIgniter))
#10 C:\xampp\htdocs\Chakanoks\index.php(59): CodeIgniter\Boot::bootWeb(Object(Config\Paths))
#11 {main}
ERROR - 2025-12-04 02:41:05 --> Routes Error: Unknown column 'b.contact_number' in 'field list'
DEBUG - 2025-12-04 02:41:05 --> Session: Class initialized using 'CodeIgniter\Session\Handlers\FileHandler' driver.
DEBUG - 2025-12-04 02:41:08 --> Session: Class initialized using 'CodeIgniter\Session\Handlers\FileHandler' driver.
DEBUG - 2025-12-04 02:41:10 --> Session: Class initialized using 'CodeIgniter\Session\Handlers\FileHandler' driver.
ERROR - 2025-12-04 02:41:10 --> mysqli_sql_exception: Unknown column 'b.contact_number' in 'field list' in C:\xampp\htdocs\Chakanoks\system\Database\MySQLi\Connection.php:327
Stack trace:
#0 C:\xampp\htdocs\Chakanoks\system\Database\MySQLi\Connection.php(327): mysqli->query('SELECT `b`.`bra...', 0)
#1 C:\xampp\htdocs\Chakanoks\system\Database\BaseConnection.php(729): CodeIgniter\Database\MySQLi\Connection->execute('SELECT `b`.`bra...')
#2 C:\xampp\htdocs\Chakanoks\system\Database\BaseConnection.php(646): CodeIgniter\Database\BaseConnection->simpleQuery('SELECT `b`.`bra...')
#3 C:\xampp\htdocs\Chakanoks\system\Database\BaseBuilder.php(1649): CodeIgniter\Database\BaseConnection->query('SELECT `b`.`bra...', Array, false)
#4 C:\xampp\htdocs\Chakanoks\app\Controllers\LogisticsDashboard.php(140): CodeIgniter\Database\BaseBuilder->get()
#5 C:\xampp\htdocs\Chakanoks\system\CodeIgniter.php(933): App\Controllers\LogisticsDashboard->routes()
#6 C:\xampp\htdocs\Chakanoks\system\CodeIgniter.php(507): CodeIgniter\CodeIgniter->runController(Object(App\Controllers\LogisticsDashboard))
#7 C:\xampp\htdocs\Chakanoks\system\CodeIgniter.php(354): CodeIgniter\CodeIgniter->handleRequest(NULL, Object(Config\Cache), false)
#8 C:\xampp\htdocs\Chakanoks\system\Boot.php(363): CodeIgniter\CodeIgniter->run()
#9 C:\xampp\htdocs\Chakanoks\system\Boot.php(68): CodeIgniter\Boot::runCodeIgniter(Object(CodeIgniter\CodeIgniter))
#10 C:\xampp\htdocs\Chakanoks\index.php(59): CodeIgniter\Boot::bootWeb(Object(Config\Paths))
#11 {main}
ERROR - 2025-12-04 02:41:10 --> Routes Error: Unknown column 'b.contact_number' in 'field list'
DEBUG - 2025-12-04 02:41:10 --> Session: Class initialized using 'CodeIgniter\Session\Handlers\FileHandler' driver.
DEBUG - 2025-12-04 02:41:12 --> Session: Class initialized using 'CodeIgniter\Session\Handlers\FileHandler' driver.
ERROR - 2025-12-04 02:41:12 --> mysqli_sql_exception: Unknown column 'b.contact_number' in 'field list' in C:\xampp\htdocs\Chakanoks\system\Database\MySQLi\Connection.php:327
Stack trace:
#0 C:\xampp\htdocs\Chakanoks\system\Database\MySQLi\Connection.php(327): mysqli->query('SELECT `b`.`bra...', 0)
#1 C:\xampp\htdocs\Chakanoks\system\Database\BaseConnection.php(729): CodeIgniter\Database\MySQLi\Connection->execute('SELECT `b`.`bra...')
#2 C:\xampp\htdocs\Chakanoks\system\Database\BaseConnection.php(646): CodeIgniter\Database\BaseConnection->simpleQuery('SELECT `b`.`bra...')
#3 C:\xampp\htdocs\Chakanoks\system\Database\BaseBuilder.php(1649): CodeIgniter\Database\BaseConnection->query('SELECT `b`.`bra...', Array, false)
#4 C:\xampp\htdocs\Chakanoks\app\Controllers\LogisticsDashboard.php(140): CodeIgniter\Database\BaseBuilder->get()
#5 C:\xampp\htdocs\Chakanoks\system\CodeIgniter.php(933): App\Controllers\LogisticsDashboard->routes()
#6 C:\xampp\htdocs\Chakanoks\system\CodeIgniter.php(507): CodeIgniter\CodeIgniter->runController(Object(App\Controllers\LogisticsDashboard))
#7 C:\xampp\htdocs\Chakanoks\system\CodeIgniter.php(354): CodeIgniter\CodeIgniter->handleRequest(NULL, Object(Config\Cache), false)
#8 C:\xampp\htdocs\Chakanoks\system\Boot.php(363): CodeIgniter\CodeIgniter->run()
#9 C:\xampp\htdocs\Chakanoks\system\Boot.php(68): CodeIgniter\Boot::runCodeIgniter(Object(CodeIgniter\CodeIgniter))
#10 C:\xampp\htdocs\Chakanoks\index.php(59): CodeIgniter\Boot::bootWeb(Object(Config\Paths))
#11 {main}
ERROR - 2025-12-04 02:41:12 --> Routes Error: Unknown column 'b.contact_number' in 'field list'
DEBUG - 2025-12-04 02:41:12 --> Session: Class initialized using 'CodeIgniter\Session\Handlers\FileHandler' driver.
DEBUG - 2025-12-04 02:41:14 --> Session: Class initialized using 'CodeIgniter\Session\Handlers\FileHandler' driver.
DEBUG - 2025-12-04 02:41:15 --> Session: Class initialized using 'CodeIgniter\Session\Handlers\FileHandler' driver.
ERROR - 2025-12-04 02:41:15 --> mysqli_sql_exception: Unknown column 'b.contact_number' in 'field list' in C:\xampp\htdocs\Chakanoks\system\Database\MySQLi\Connection.php:327
Stack trace:
#0 C:\xampp\htdocs\Chakanoks\system\Database\MySQLi\Connection.php(327): mysqli->query('SELECT `b`.`bra...', 0)
#1 C:\xampp\htdocs\Chakanoks\system\Database\BaseConnection.php(729): CodeIgniter\Database\MySQLi\Connection->execute('SELECT `b`.`bra...')
#2 C:\xampp\htdocs\Chakanoks\system\Database\BaseConnection.php(646): CodeIgniter\Database\BaseConnection->simpleQuery('SELECT `b`.`bra...')
#3 C:\xampp\htdocs\Chakanoks\system\Database\BaseBuilder.php(1649): CodeIgniter\Database\BaseConnection->query('SELECT `b`.`bra...', Array, false)
#4 C:\xampp\htdocs\Chakanoks\app\Controllers\LogisticsDashboard.php(140): CodeIgniter\Database\BaseBuilder->get()
#5 C:\xampp\htdocs\Chakanoks\system\CodeIgniter.php(933): App\Controllers\LogisticsDashboard->routes()
#6 C:\xampp\htdocs\Chakanoks\system\CodeIgniter.php(507): CodeIgniter\CodeIgniter->runController(Object(App\Controllers\LogisticsDashboard))
#7 C:\xampp\htdocs\Chakanoks\system\CodeIgniter.php(354): CodeIgniter\CodeIgniter->handleRequest(NULL, Object(Config\Cache), false)
#8 C:\xampp\htdocs\Chakanoks\system\Boot.php(363): CodeIgniter\CodeIgniter->run()
#9 C:\xampp\htdocs\Chakanoks\system\Boot.php(68): CodeIgniter\Boot::runCodeIgniter(Object(CodeIgniter\CodeIgniter))
#10 C:\xampp\htdocs\Chakanoks\index.php(59): CodeIgniter\Boot::bootWeb(Object(Config\Paths))
#11 {main}
ERROR - 2025-12-04 02:41:15 --> Routes Error: Unknown column 'b.contact_number' in 'field list'
DEBUG - 2025-12-04 02:41:15 --> Session: Class initialized using 'CodeIgniter\Session\Handlers\FileHandler' driver.
DEBUG - 2025-12-04 03:42:31 --> Session: Class initialized using 'CodeIgniter\Session\Handlers\FileHandler' driver.
DEBUG - 2025-12-04 03:42:34 --> Session: Class initialized using 'CodeIgniter\Session\Handlers\FileHandler' driver.
DEBUG - 2025-12-04 03:42:49 --> Session: Class initialized using 'CodeIgniter\Session\Handlers\FileHandler' driver.
ERROR - 2025-12-04 03:42:49 --> Track Shipment Error: Undefined array key "quantity"
DEBUG - 2025-12-04 03:42:49 --> Session: Class initialized using 'CodeIgniter\Session\Handlers\FileHandler' driver.
DEBUG - 2025-12-04 03:42:52 --> Session: Class initialized using 'CodeIgniter\Session\Handlers\FileHandler' driver.
ERROR - 2025-12-04 03:42:52 --> Track Shipment Error: Undefined array key "quantity"
DEBUG - 2025-12-04 03:42:53 --> Session: Class initialized using 'CodeIgniter\Session\Handlers\FileHandler' driver.
DEBUG - 2025-12-04 03:42:58 --> Session: Class initialized using 'CodeIgniter\Session\Handlers\FileHandler' driver.
ERROR - 2025-12-04 03:42:58 --> Track Shipment Error: Undefined array key "quantity"
DEBUG - 2025-12-04 03:42:58 --> Session: Class initialized using 'CodeIgniter\Session\Handlers\FileHandler' driver.
DEBUG - 2025-12-04 03:43:00 --> Session: Class initialized using 'CodeIgniter\Session\Handlers\FileHandler' driver.
ERROR - 2025-12-04 03:43:00 --> Track Shipment Error: Undefined array key "quantity"
DEBUG - 2025-12-04 03:43:00 --> Session: Class initialized using 'CodeIgniter\Session\Handlers\FileHandler' driver.
DEBUG - 2025-12-04 03:43:07 --> Session: Class initialized using 'CodeIgniter\Session\Handlers\FileHandler' driver.
DEBUG - 2025-12-04 03:43:07 --> Session: Class initialized using 'CodeIgniter\Session\Handlers\FileHandler' driver.
DEBUG - 2025-12-04 03:43:10 --> Session: Class initialized using 'CodeIgniter\Session\Handlers\FileHandler' driver.
DEBUG - 2025-12-04 03:43:29 --> Session: Class initialized using 'CodeIgniter\Session\Handlers\FileHandler' driver.
DEBUG - 2025-12-04 03:43:30 --> Session: Class initialized using 'CodeIgniter\Session\Handlers\FileHandler' driver.
DEBUG - 2025-12-04 03:43:33 --> Session: Class initialized using 'CodeIgniter\Session\Handlers\FileHandler' driver.
DEBUG - 2025-12-04 03:43:35 --> Session: Class initialized using 'CodeIgniter\Session\Handlers\FileHandler' driver.
DEBUG - 2025-12-04 03:43:37 --> Session: Class initialized using 'CodeIgniter\Session\Handlers\FileHandler' driver.
DEBUG - 2025-12-04 03:43:38 --> Session: Class initialized using 'CodeIgniter\Session\Handlers\FileHandler' driver.
DEBUG - 2025-12-04 03:45:43 --> Session: Class initialized using 'CodeIgniter\Session\Handlers\FileHandler' driver.
DEBUG - 2025-12-04 03:45:45 --> Session: Class initialized using 'CodeIgniter\Session\Handlers\FileHandler' driver.
ERROR - 2025-12-04 03:45:46 --> Track Shipment Error: Undefined array key "quantity"
DEBUG - 2025-12-04 03:45:46 --> Session: Class initialized using 'CodeIgniter\Session\Handlers\FileHandler' driver.
DEBUG - 2025-12-04 03:45:52 --> Session: Class initialized using 'CodeIgniter\Session\Handlers\FileHandler' driver.
ERROR - 2025-12-04 03:45:52 --> Track Shipment Error: Undefined array key "quantity"
DEBUG - 2025-12-04 03:45:52 --> Session: Class initialized using 'CodeIgniter\Session\Handlers\FileHandler' driver.
DEBUG - 2025-12-04 03:46:09 --> Session: Class initialized using 'CodeIgniter\Session\Handlers\FileHandler' driver.
DEBUG - 2025-12-04 03:46:11 --> Session: Class initialized using 'CodeIgniter\Session\Handlers\FileHandler' driver.
DEBUG - 2025-12-04 03:46:13 --> Session: Class initialized using 'CodeIgniter\Session\Handlers\FileHandler' driver.
DEBUG - 2025-12-04 03:46:14 --> Session: Class initialized using 'CodeIgniter\Session\Handlers\FileHandler' driver.
DEBUG - 2025-12-04 03:46:44 --> Session: Class initialized using 'CodeIgniter\Session\Handlers\FileHandler' driver.
ERROR - 2025-12-04 03:46:44 --> Track Shipment Error: Undefined array key "quantity"
DEBUG - 2025-12-04 03:46:45 --> Session: Class initialized using 'CodeIgniter\Session\Handlers\FileHandler' driver.
DEBUG - 2025-12-04 03:49:09 --> Session: Class initialized using 'CodeIgniter\Session\Handlers\FileHandler' driver.
DEBUG - 2025-12-04 03:49:11 --> Session: Class initialized using 'CodeIgniter\Session\Handlers\FileHandler' driver.
DEBUG - 2025-12-04 03:49:17 --> Session: Class initialized using 'CodeIgniter\Session\Handlers\FileHandler' driver.
DEBUG - 2025-12-04 03:49:18 --> Session: Class initialized using 'CodeIgniter\Session\Handlers\FileHandler' driver.
DEBUG - 2025-12-04 03:49:22 --> Session: Class initialized using 'CodeIgniter\Session\Handlers\FileHandler' driver.
DEBUG - 2025-12-04 03:49:26 --> Session: Class initialized using 'CodeIgniter\Session\Handlers\FileHandler' driver.
DEBUG - 2025-12-04 03:49:39 --> Session: Class initialized using 'CodeIgniter\Session\Handlers\FileHandler' driver.
DEBUG - 2025-12-04 03:49:55 --> Session: Class initialized using 'CodeIgniter\Session\Handlers\FileHandler' driver.
DEBUG - 2025-12-04 03:49:58 --> Session: Class initialized using 'CodeIgniter\Session\Handlers\FileHandler' driver.
DEBUG - 2025-12-04 03:50:53 --> Session: Class initialized using 'CodeIgniter\Session\Handlers\FileHandler' driver.
DEBUG - 2025-12-04 03:50:55 --> Session: Class initialized using 'CodeIgniter\Session\Handlers\FileHandler' driver.
DEBUG - 2025-12-04 03:50:57 --> Session: Class initialized using 'CodeIgniter\Session\Handlers\FileHandler' driver.
DEBUG - 2025-12-04 03:53:59 --> Session: Class initialized using 'CodeIgniter\Session\Handlers\FileHandler' driver.
DEBUG - 2025-12-04 03:54:01 --> Session: Class initialized using 'CodeIgniter\Session\Handlers\FileHandler' driver.
DEBUG - 2025-12-04 03:56:42 --> Session: Class initialized using 'CodeIgniter\Session\Handlers\FileHandler' driver.
DEBUG - 2025-12-04 03:56:48 --> Session: Class initialized using 'CodeIgniter\Session\Handlers\FileHandler' driver.
DEBUG - 2025-12-04 03:57:00 --> Session: Class initialized using 'CodeIgniter\Session\Handlers\FileHandler' driver.
DEBUG - 2025-12-04 03:57:12 --> Session: Class initialized using 'CodeIgniter\Session\Handlers\FileHandler' driver.
DEBUG - 2025-12-04 03:57:16 --> Session: Class initialized using 'CodeIgniter\Session\Handlers\FileHandler' driver.
DEBUG - 2025-12-04 03:57:18 --> Session: Class initialized using 'CodeIgniter\Session\Handlers\FileHandler' driver.
DEBUG - 2025-12-04 03:57:22 --> Session: Class initialized using 'CodeIgniter\Session\Handlers\FileHandler' driver.
DEBUG - 2025-12-04 03:57:27 --> Session: Class initialized using 'CodeIgniter\Session\Handlers\FileHandler' driver.
DEBUG - 2025-12-04 03:57:31 --> Session: Class initialized using 'CodeIgniter\Session\Handlers\FileHandler' driver.
DEBUG - 2025-12-04 03:57:33 --> Session: Class initialized using 'CodeIgniter\Session\Handlers\FileHandler' driver.
DEBUG - 2025-12-04 03:57:41 --> Session: Class initialized using 'CodeIgniter\Session\Handlers\FileHandler' driver.
DEBUG - 2025-12-04 03:57:48 --> Session: Class initialized using 'CodeIgniter\Session\Handlers\FileHandler' driver.
DEBUG - 2025-12-04 03:58:44 --> Session: Class initialized using 'CodeIgniter\Session\Handlers\FileHandler' driver.
DEBUG - 2025-12-04 03:58:48 --> Session: Class initialized using 'CodeIgniter\Session\Handlers\FileHandler' driver.
DEBUG - 2025-12-04 03:58:51 --> Session: Class initialized using 'CodeIgniter\Session\Handlers\FileHandler' driver.
DEBUG - 2025-12-04 03:58:53 --> Session: Class initialized using 'CodeIgniter\Session\Handlers\FileHandler' driver.
DEBUG - 2025-12-04 03:58:59 --> Session: Class initialized using 'CodeIgniter\Session\Handlers\FileHandler' driver.
DEBUG - 2025-12-04 03:59:04 --> Session: Class initialized using 'CodeIgniter\Session\Handlers\FileHandler' driver.
DEBUG - 2025-12-04 03:59:06 --> Session: Class initialized using 'CodeIgniter\Session\Handlers\FileHandler' driver.
DEBUG - 2025-12-04 03:59:10 --> Session: Class initialized using 'CodeIgniter\Session\Handlers\FileHandler' driver.
DEBUG - 2025-12-04 03:59:14 --> Session: Class initialized using 'CodeIgniter\Session\Handlers\FileHandler' driver.
DEBUG - 2025-12-04 03:59:21 --> Session: Class initialized using 'CodeIgniter\Session\Handlers\FileHandler' driver.
DEBUG - 2025-12-04 03:59:23 --> Session: Class initialized using 'CodeIgniter\Session\Handlers\FileHandler' driver.
DEBUG - 2025-12-04 03:59:23 --> Session: Class initialized using 'CodeIgniter\Session\Handlers\FileHandler' driver.
DEBUG - 2025-12-04 03:59:35 --> Session: Class initialized using 'CodeIgniter\Session\Handlers\FileHandler' driver.
DEBUG - 2025-12-04 03:59:36 --> Session: Class initialized using 'CodeIgniter\Session\Handlers\FileHandler' driver.
DEBUG - 2025-12-04 03:59:39 --> Session: Class initialized using 'CodeIgniter\Session\Handlers\FileHandler' driver.
DEBUG - 2025-12-04 03:59:43 --> Session: Class initialized using 'CodeIgniter\Session\Handlers\FileHandler' driver.
DEBUG - 2025-12-04 03:59:44 --> Session: Class initialized using 'CodeIgniter\Session\Handlers\FileHandler' driver.
DEBUG - 2025-12-04 03:59:57 --> Session: Class initialized using 'CodeIgniter\Session\Handlers\FileHandler' driver.
DEBUG - 2025-12-04 03:59:57 --> Purchase Request - Branch ID: 2
DEBUG - 2025-12-04 03:59:57 --> Purchase Request - Supplier ID: 1
DEBUG - 2025-12-04 03:59:57 --> Purchase Request - Items received: [{"product_id":"6","qty":"30"}]
DEBUG - 2025-12-04 03:59:57 --> Purchase Request - Valid items: [{"product_id":6,"qty":30}]
INFO - 2025-12-04 03:59:57 --> Purchase order created successfully. PO ID: 26
INFO - 2025-12-04 03:59:57 --> Purchase order created with 1 items. PO ID: 26
DEBUG - 2025-12-04 03:59:57 --> Session: Class initialized using 'CodeIgniter\Session\Handlers\FileHandler' driver.
DEBUG - 2025-12-04 04:00:01 --> Session: Class initialized using 'CodeIgniter\Session\Handlers\FileHandler' driver.
DEBUG - 2025-12-04 04:00:02 --> Session: Class initialized using 'CodeIgniter\Session\Handlers\FileHandler' driver.
DEBUG - 2025-12-04 04:00:03 --> Session: Class initialized using 'CodeIgniter\Session\Handlers\FileHandler' driver.
DEBUG - 2025-12-04 04:00:10 --> Session: Class initialized using 'CodeIgniter\Session\Handlers\FileHandler' driver.
DEBUG - 2025-12-04 04:00:14 --> Session: Class initialized using 'CodeIgniter\Session\Handlers\FileHandler' driver.
DEBUG - 2025-12-04 04:00:23 --> Session: Class initialized using 'CodeIgniter\Session\Handlers\FileHandler' driver.
DEBUG - 2025-12-04 04:00:25 --> Session: Class initialized using 'CodeIgniter\Session\Handlers\FileHandler' driver.
DEBUG - 2025-12-04 04:00:27 --> Session: Class initialized using 'CodeIgniter\Session\Handlers\FileHandler' driver.
DEBUG - 2025-12-04 04:00:30 --> Session: Class initialized using 'CodeIgniter\Session\Handlers\FileHandler' driver.
DEBUG - 2025-12-04 04:00:30 --> Session: Class initialized using 'CodeIgniter\Session\Handlers\FileHandler' driver.
DEBUG - 2025-12-04 04:00:37 --> Session: Class initialized using 'CodeIgniter\Session\Handlers\FileHandler' driver.
DEBUG - 2025-12-04 04:00:37 --> Session: Class initialized using 'CodeIgniter\Session\Handlers\FileHandler' driver.
DEBUG - 2025-12-04 04:00:42 --> Session: Class initialized using 'CodeIgniter\Session\Handlers\FileHandler' driver.
DEBUG - 2025-12-04 04:00:50 --> Session: Class initialized using 'CodeIgniter\Session\Handlers\FileHandler' driver.
DEBUG - 2025-12-04 04:00:51 --> Session: Class initialized using 'CodeIgniter\Session\Handlers\FileHandler' driver.
DEBUG - 2025-12-04 04:00:55 --> Session: Class initialized using 'CodeIgniter\Session\Handlers\FileHandler' driver.
DEBUG - 2025-12-04 04:00:56 --> Session: Class initialized using 'CodeIgniter\Session\Handlers\FileHandler' driver.
DEBUG - 2025-12-04 04:01:06 --> Session: Class initialized using 'CodeIgniter\Session\Handlers\FileHandler' driver.
DEBUG - 2025-12-04 04:01:07 --> Session: Class initialized using 'CodeIgniter\Session\Handlers\FileHandler' driver.
DEBUG - 2025-12-04 04:01:09 --> Session: Class initialized using 'CodeIgniter\Session\Handlers\FileHandler' driver.
DEBUG - 2025-12-04 04:01:31 --> Session: Class initialized using 'CodeIgniter\Session\Handlers\FileHandler' driver.
DEBUG - 2025-12-04 04:01:34 --> Session: Class initialized using 'CodeIgniter\Session\Handlers\FileHandler' driver.
DEBUG - 2025-12-04 04:01:34 --> Session: Class initialized using 'CodeIgniter\Session\Handlers\FileHandler' driver.
DEBUG - 2025-12-04 04:01:46 --> Session: Class initialized using 'CodeIgniter\Session\Handlers\FileHandler' driver.
DEBUG - 2025-12-04 04:01:46 --> Session: Class initialized using 'CodeIgniter\Session\Handlers\FileHandler' driver.
DEBUG - 2025-12-04 04:01:54 --> Session: Class initialized using 'CodeIgniter\Session\Handlers\FileHandler' driver.
DEBUG - 2025-12-04 04:01:54 --> Session: Class initialized using 'CodeIgniter\Session\Handlers\FileHandler' driver.
DEBUG - 2025-12-04 04:02:06 --> Session: Class initialized using 'CodeIgniter\Session\Handlers\FileHandler' driver.
DEBUG - 2025-12-04 04:02:06 --> Session: Class initialized using 'CodeIgniter\Session\Handlers\FileHandler' driver.
DEBUG - 2025-12-04 04:02:09 --> Session: Class initialized using 'CodeIgniter\Session\Handlers\FileHandler' driver.
DEBUG - 2025-12-04 04:02:18 --> Session: Class initialized using 'CodeIgniter\Session\Handlers\FileHandler' driver.
DEBUG - 2025-12-04 04:02:22 --> Session: Class initialized using 'CodeIgniter\Session\Handlers\FileHandler' driver.
DEBUG - 2025-12-04 04:02:26 --> Session: Class initialized using 'CodeIgniter\Session\Handlers\FileHandler' driver.
DEBUG - 2025-12-04 04:02:37 --> Session: Class initialized using 'CodeIgniter\Session\Handlers\FileHandler' driver.
DEBUG - 2025-12-04 04:02:39 --> Session: Class initialized using 'CodeIgniter\Session\Handlers\FileHandler' driver.
DEBUG - 2025-12-04 04:02:42 --> Session: Class initialized using 'CodeIgniter\Session\Handlers\FileHandler' driver.
DEBUG - 2025-12-04 04:02:43 --> Session: Class initialized using 'CodeIgniter\Session\Handlers\FileHandler' driver.
DEBUG - 2025-12-04 04:07:01 --> Session: Class initialized using 'CodeIgniter\Session\Handlers\FileHandler' driver.
DEBUG - 2025-12-04 04:07:03 --> Session: Class initialized using 'CodeIgniter\Session\Handlers\FileHandler' driver.
DEBUG - 2025-12-04 04:07:07 --> Session: Class initialized using 'CodeIgniter\Session\Handlers\FileHandler' driver.
DEBUG - 2025-12-04 04:07:10 --> Session: Class initialized using 'CodeIgniter\Session\Handlers\FileHandler' driver.
DEBUG - 2025-12-04 04:07:13 --> Session: Class initialized using 'CodeIgniter\Session\Handlers\FileHandler' driver.
DEBUG - 2025-12-04 04:07:26 --> Session: Class initialized using 'CodeIgniter\Session\Handlers\FileHandler' driver.
DEBUG - 2025-12-04 04:07:33 --> Session: Class initialized using 'CodeIgniter\Session\Handlers\FileHandler' driver.
DEBUG - 2025-12-04 04:07:36 --> Session: Class initialized using 'CodeIgniter\Session\Handlers\FileHandler' driver.
DEBUG - 2025-12-04 04:07:37 --> Session: Class initialized using 'CodeIgniter\Session\Handlers\FileHandler' driver.
DEBUG - 2025-12-04 04:07:54 --> Session: Class initialized using 'CodeIgniter\Session\Handlers\FileHandler' driver.
DEBUG - 2025-12-04 04:07:54 --> Session: Class initialized using 'CodeIgniter\Session\Handlers\FileHandler' driver.
DEBUG - 2025-12-04 04:07:56 --> Session: Class initialized using 'CodeIgniter\Session\Handlers\FileHandler' driver.
DEBUG - 2025-12-04 04:07:58 --> Session: Class initialized using 'CodeIgniter\Session\Handlers\FileHandler' driver.
DEBUG - 2025-12-04 04:08:05 --> Session: Class initialized using 'CodeIgniter\Session\Handlers\FileHandler' driver.
DEBUG - 2025-12-04 04:08:07 --> Session: Class initialized using 'CodeIgniter\Session\Handlers\FileHandler' driver.
DEBUG - 2025-12-04 04:08:11 --> Session: Class initialized using 'CodeIgniter\Session\Handlers\FileHandler' driver.
DEBUG - 2025-12-04 04:08:12 --> Session: Class initialized using 'CodeIgniter\Session\Handlers\FileHandler' driver.
DEBUG - 2025-12-04 04:08:19 --> Session: Class initialized using 'CodeIgniter\Session\Handlers\FileHandler' driver.
DEBUG - 2025-12-04 04:08:23 --> Session: Class initialized using 'CodeIgniter\Session\Handlers\FileHandler' driver.
DEBUG - 2025-12-04 04:08:25 --> Session: Class initialized using 'CodeIgniter\Session\Handlers\FileHandler' driver.
DEBUG - 2025-12-04 04:11:17 --> Session: Class initialized using 'CodeIgniter\Session\Handlers\FileHandler' driver.
DEBUG - 2025-12-04 04:11:33 --> Session: Class initialized using 'CodeIgniter\Session\Handlers\FileHandler' driver.
DEBUG - 2025-12-04 04:11:35 --> Session: Class initialized using 'CodeIgniter\Session\Handlers\FileHandler' driver.
DEBUG - 2025-12-04 04:11:45 --> Session: Class initialized using 'CodeIgniter\Session\Handlers\FileHandler' driver.
DEBUG - 2025-12-04 04:11:47 --> Session: Class initialized using 'CodeIgniter\Session\Handlers\FileHandler' driver.
DEBUG - 2025-12-04 04:11:49 --> Session: Class initialized using 'CodeIgniter\Session\Handlers\FileHandler' driver.
DEBUG - 2025-12-04 04:11:50 --> Session: Class initialized using 'CodeIgniter\Session\Handlers\FileHandler' driver.
DEBUG - 2025-12-04 04:11:56 --> Session: Class initialized using 'CodeIgniter\Session\Handlers\FileHandler' driver.
DEBUG - 2025-12-04 04:11:58 --> Session: Class initialized using 'CodeIgniter\Session\Handlers\FileHandler' driver.
DEBUG - 2025-12-04 04:12:15 --> Session: Class initialized using 'CodeIgniter\Session\Handlers\FileHandler' driver.
DEBUG - 2025-12-04 04:12:16 --> Session: Class initialized using 'CodeIgniter\Session\Handlers\FileHandler' driver.
DEBUG - 2025-12-04 04:12:18 --> Session: Class initialized using 'CodeIgniter\Session\Handlers\FileHandler' driver.
DEBUG - 2025-12-04 04:12:19 --> Session: Class initialized using 'CodeIgniter\Session\Handlers\FileHandler' driver.
DEBUG - 2025-12-04 04:12:21 --> Session: Class initialized using 'CodeIgniter\Session\Handlers\FileHandler' driver.
DEBUG - 2025-12-04 04:12:28 --> Session: Class initialized using 'CodeIgniter\Session\Handlers\FileHandler' driver.
DEBUG - 2025-12-04 04:12:50 --> Session: Class initialized using 'CodeIgniter\Session\Handlers\FileHandler' driver.
DEBUG - 2025-12-04 04:12:51 --> Session: Class initialized using 'CodeIgniter\Session\Handlers\FileHandler' driver.
DEBUG - 2025-12-04 04:12:56 --> Session: Class initialized using 'CodeIgniter\Session\Handlers\FileHandler' driver.
DEBUG - 2025-12-04 04:13:03 --> Session: Class initialized using 'CodeIgniter\Session\Handlers\FileHandler' driver.
DEBUG - 2025-12-04 04:13:05 --> Session: Class initialized using 'CodeIgniter\Session\Handlers\FileHandler' driver.
DEBUG - 2025-12-04 04:13:07 --> Session: Class initialized using 'CodeIgniter\Session\Handlers\FileHandler' driver.
DEBUG - 2025-12-04 04:13:09 --> Session: Class initialized using 'CodeIgniter\Session\Handlers\FileHandler' driver.
DEBUG - 2025-12-04 04:13:15 --> Session: Class initialized using 'CodeIgniter\Session\Handlers\FileHandler' driver.
DEBUG - 2025-12-04 04:13:29 --> Session: Class initialized using 'CodeIgniter\Session\Handlers\FileHandler' driver.
DEBUG - 2025-12-04 04:13:30 --> Session: Class initialized using 'CodeIgniter\Session\Handlers\FileHandler' driver.
DEBUG - 2025-12-04 04:13:39 --> Session: Class initialized using 'CodeIgniter\Session\Handlers\FileHandler' driver.
DEBUG - 2025-12-04 04:13:41 --> Session: Class initialized using 'CodeIgniter\Session\Handlers\FileHandler' driver.
DEBUG - 2025-12-04 04:13:45 --> Session: Class initialized using 'CodeIgniter\Session\Handlers\FileHandler' driver.
DEBUG - 2025-12-04 04:13:48 --> Session: Class initialized using 'CodeIgniter\Session\Handlers\FileHandler' driver.
DEBUG - 2025-12-04 04:13:59 --> Session: Class initialized using 'CodeIgniter\Session\Handlers\FileHandler' driver.
DEBUG - 2025-12-04 04:14:00 --> Session: Class initialized using 'CodeIgniter\Session\Handlers\FileHandler' driver.
DEBUG - 2025-12-04 04:14:03 --> Session: Class initialized using 'CodeIgniter\Session\Handlers\FileHandler' driver.
DEBUG - 2025-12-04 04:14:18 --> Session: Class initialized using 'CodeIgniter\Session\Handlers\FileHandler' driver.
DEBUG - 2025-12-04 04:14:19 --> Session: Class initialized using 'CodeIgniter\Session\Handlers\FileHandler' driver.
DEBUG - 2025-12-04 04:14:21 --> Session: Class initialized using 'CodeIgniter\Session\Handlers\FileHandler' driver.
DEBUG - 2025-12-04 04:14:27 --> Session: Class initialized using 'CodeIgniter\Session\Handlers\FileHandler' driver.
DEBUG - 2025-12-04 04:14:27 --> Session: Class initialized using 'CodeIgniter\Session\Handlers\FileHandler' driver.
